<?xml version="1.0" encoding="UTF-8"?>
<!-- Generated by org.testng.reporters.JUnitReportReporter -->
<testsuite skipped="0" hostname="LAPTOP-2D4ECRNQ" name="Academy.E2EProject.HomePage" tests="2" failures="0" timestamp="15 Jun 2021 12:13:27 GMT" time="40.328" errors="0">
  <testcase name="basePageNavigation" time="19.613" classname="Academy.E2EProject.HomePage"/>
  <testcase name="basePageNavigation" time="20.715" classname="Academy.E2EProject.HomePage"/>
</testsuite> <!-- Academy.E2EProject.HomePage -->
