<?xml version="1.0" encoding="UTF-8"?>
<!-- Generated by org.testng.reporters.JUnitReportReporter -->
<testsuite skipped="0" hostname="LAPTOP-2D4ECRNQ" name="Academy.E2EProject.HomePage" tests="2" failures="0" timestamp="16 Jun 2021 03:45:09 GMT" time="9.383" errors="0">
  <testcase name="basePageNavigation1" time="2.394" classname="Academy.E2EProject.HomePage"/>
  <testcase name="basePageNavigation1" time="6.989" classname="Academy.E2EProject.HomePage"/>
</testsuite> <!-- Academy.E2EProject.HomePage -->
