<?xml version="1.0" encoding="UTF-8"?>
<!-- Generated by org.testng.reporters.JUnitReportReporter -->
<testsuite skipped="0" hostname="LAPTOP-2D4ECRNQ" name="cucumberOptions.TestRunner" tests="1" failures="0" timestamp="20 Jun 2021 18:36:30 GMT" time="29.823" errors="0">
  <testcase name="feature" time="29.823" classname="cucumberOptions.TestRunner"/>
</testsuite> <!-- cucumberOptions.TestRunner -->
