<?xml version="1.0" encoding="UTF-8"?>
<!-- Generated by org.testng.reporters.JUnitReportReporter -->
<testsuite skipped="0" hostname="LAPTOP-2D4ECRNQ" name="Academy.E2EProject.HomePage" tests="2" failures="0" timestamp="15 Jun 2021 19:09:43 GMT" time="10.717" errors="0">
  <testcase name="basePageNavigation1" time="1.819" classname="Academy.E2EProject.HomePage"/>
  <testcase name="basePageNavigation1" time="8.898" classname="Academy.E2EProject.HomePage"/>
</testsuite> <!-- Academy.E2EProject.HomePage -->
