<?xml version="1.0" encoding="UTF-8"?>
<!-- Generated by org.testng.reporters.JUnitReportReporter -->
<testsuite skipped="0" hostname="LAPTOP-2D4ECRNQ" name="cucumberOptions.TestRunner" tests="2" failures="0" timestamp="21 Jun 2021 16:07:43 GMT" time="78.697" errors="0">
  <testcase name="feature" time="44.154" classname="cucumberOptions.TestRunner"/>
  <testcase name="feature" time="34.543" classname="cucumberOptions.TestRunner"/>
</testsuite> <!-- cucumberOptions.TestRunner -->
