<?xml version="1.0" encoding="UTF-8"?>
<!-- Generated by org.testng.reporters.JUnitReportReporter -->
<testsuite skipped="0" hostname="LAPTOP-2D4ECRNQ" name="Academy.E2EProject.validateNavigationBar" tests="1" failures="0" timestamp="15 Jun 2021 15:53:40 GMT" time="0.059" errors="0">
  <testcase name="basePageNavigation" time="0.059" classname="Academy.E2EProject.validateNavigationBar"/>
</testsuite> <!-- Academy.E2EProject.validateNavigationBar -->
