<?xml version="1.0" encoding="UTF-8"?>
<!-- Generated by org.testng.reporters.JUnitReportReporter -->
<testsuite skipped="0" hostname="LAPTOP-2D4ECRNQ" name="Academy.E2EProject.validateTitle" tests="1" failures="0" timestamp="15 Jun 2021 12:13:27 GMT" time="0.219" errors="0">
  <testcase name="basePageNavigation" time="0.219" classname="Academy.E2EProject.validateTitle"/>
</testsuite> <!-- Academy.E2EProject.validateTitle -->
