<?xml version="1.0" encoding="UTF-8"?>
<!-- Generated by org.testng.reporters.JUnitReportReporter -->
<testsuite skipped="0" hostname="LAPTOP-2D4ECRNQ" name="Academy.E2EProject.HomePage" tests="2" failures="0" timestamp="16 Jun 2021 04:18:14 GMT" time="13.922" errors="0">
  <testcase name="basePageNavigation1" time="2.806" classname="Academy.E2EProject.HomePage"/>
  <testcase name="basePageNavigation1" time="11.116" classname="Academy.E2EProject.HomePage"/>
</testsuite> <!-- Academy.E2EProject.HomePage -->
