<?xml version="1.0" encoding="UTF-8"?>
<!-- Generated by org.testng.reporters.JUnitReportReporter -->
<testsuite skipped="0" hostname="LAPTOP-2D4ECRNQ" name="Academy.E2EProject.HomePage" tests="2" failures="0" timestamp="15 Jun 2021 16:59:08 GMT" time="20.487" errors="0">
  <testcase name="basePageNavigation1" time="17.822" classname="Academy.E2EProject.HomePage"/>
  <testcase name="basePageNavigation1" time="2.665" classname="Academy.E2EProject.HomePage"/>
</testsuite> <!-- Academy.E2EProject.HomePage -->
